{"/Users/deanspooner/Repos/banked/src/api/schemas.ts": {"path":"/Users/deanspooner/Repos/banked/src/api/schemas.ts","statementMap":{"0":{"start":{"line":3,"column":33},"end":{"line":8,"column":2}},"1":{"start":{"line":10,"column":33},"end":{"line":16,"column":1}}},"fnMap":{},"branchMap":{},"s":{"0":1,"1":1},"f":{},"b":{},"_coverageSchema":"1a1c01bbd47fc00a2c39e90264f33305004495a9","hash":"56ade3eb382e625310bda6266f0c75ca7d7cf12b"}
,"/Users/deanspooner/Repos/banked/src/utils/mockData.ts": {"path":"/Users/deanspooner/Repos/banked/src/utils/mockData.ts","statementMap":{"0":{"start":{"line":1,"column":24},"end":{"line":179,"column":1}}},"fnMap":{},"branchMap":{},"s":{"0":1},"f":{},"b":{},"_coverageSchema":"1a1c01bbd47fc00a2c39e90264f33305004495a9","hash":"73898249afc1dcfed9f52333f0cb3132767ee22f"}
,"/Users/deanspooner/Repos/banked/src/utils/processBankHolidays.ts": {"path":"/Users/deanspooner/Repos/banked/src/utils/processBankHolidays.ts","statementMap":{"0":{"start":{"line":18,"column":35},"end":{"line":22,"column":1}},"1":{"start":{"line":19,"column":24},"end":{"line":19,"column":56}},"2":{"start":{"line":21,"column":2},"end":{"line":21,"column":71}},"3":{"start":{"line":21,"column":56},"end":{"line":21,"column":69}},"4":{"start":{"line":29,"column":39},"end":{"line":39,"column":1}},"5":{"start":{"line":32,"column":2},"end":{"line":38,"column":4}},"6":{"start":{"line":36,"column":6},"end":{"line":37,"column":78}},"7":{"start":{"line":37,"column":25},"end":{"line":37,"column":77}},"8":{"start":{"line":48,"column":47},"end":{"line":77,"column":1}},"9":{"start":{"line":52,"column":20},"end":{"line":52,"column":34}},"10":{"start":{"line":54,"column":31},"end":{"line":54,"column":54}},"11":{"start":{"line":56,"column":27},"end":{"line":74,"column":4}},"12":{"start":{"line":57,"column":30},"end":{"line":57,"column":52}},"13":{"start":{"line":61,"column":27},"end":{"line":61,"column":64}},"14":{"start":{"line":63,"column":32},"end":{"line":63,"column":69}},"15":{"start":{"line":66,"column":28},"end":{"line":68,"column":27}},"16":{"start":{"line":70,"column":30},"end":{"line":70,"column":79}},"17":{"start":{"line":73,"column":4},"end":{"line":73,"column":48}},"18":{"start":{"line":76,"column":2},"end":{"line":76,"column":26}},"19":{"start":{"line":88,"column":35},"end":{"line":105,"column":1}},"20":{"start":{"line":89,"column":26},"end":{"line":89,"column":54}},"21":{"start":{"line":91,"column":32},"end":{"line":91,"column":72}},"22":{"start":{"line":93,"column":38},"end":{"line":95,"column":3}},"23":{"start":{"line":97,"column":2},"end":{"line":104,"column":4}},"24":{"start":{"line":101,"column":22},"end":{"line":101,"column":50}}},"fnMap":{"0":{"name":"(anonymous_0)","decl":{"start":{"line":18,"column":35},"end":{"line":18,"column":36}},"loc":{"start":{"line":18,"column":72},"end":{"line":22,"column":1}},"line":18},"1":{"name":"(anonymous_1)","decl":{"start":{"line":21,"column":46},"end":{"line":21,"column":47}},"loc":{"start":{"line":21,"column":56},"end":{"line":21,"column":69}},"line":21},"2":{"name":"(anonymous_2)","decl":{"start":{"line":29,"column":39},"end":{"line":29,"column":40}},"loc":{"start":{"line":31,"column":20},"end":{"line":39,"column":1}},"line":31},"3":{"name":"(anonymous_3)","decl":{"start":{"line":33,"column":4},"end":{"line":33,"column":5}},"loc":{"start":{"line":36,"column":6},"end":{"line":37,"column":78}},"line":36},"4":{"name":"(anonymous_4)","decl":{"start":{"line":37,"column":20},"end":{"line":37,"column":21}},"loc":{"start":{"line":37,"column":25},"end":{"line":37,"column":77}},"line":37},"5":{"name":"(anonymous_5)","decl":{"start":{"line":48,"column":47},"end":{"line":48,"column":48}},"loc":{"start":{"line":51,"column":20},"end":{"line":77,"column":1}},"line":51},"6":{"name":"(anonymous_6)","decl":{"start":{"line":56,"column":43},"end":{"line":56,"column":44}},"loc":{"start":{"line":56,"column":54},"end":{"line":74,"column":3}},"line":56},"7":{"name":"(anonymous_7)","decl":{"start":{"line":88,"column":35},"end":{"line":88,"column":36}},"loc":{"start":{"line":88,"column":72},"end":{"line":105,"column":1}},"line":88},"8":{"name":"(anonymous_8)","decl":{"start":{"line":101,"column":12},"end":{"line":101,"column":13}},"loc":{"start":{"line":101,"column":22},"end":{"line":101,"column":50}},"line":101}},"branchMap":{"0":{"loc":{"start":{"line":37,"column":25},"end":{"line":37,"column":77}},"type":"binary-expr","locations":[{"start":{"line":37,"column":25},"end":{"line":37,"column":48}},{"start":{"line":37,"column":52},"end":{"line":37,"column":77}}],"line":37},"1":{"loc":{"start":{"line":50,"column":2},"end":{"line":50,"column":30}},"type":"default-arg","locations":[{"start":{"line":50,"column":26},"end":{"line":50,"column":30}}],"line":50},"2":{"loc":{"start":{"line":66,"column":28},"end":{"line":68,"column":27}},"type":"cond-expr","locations":[{"start":{"line":67,"column":8},"end":{"line":67,"column":45}},{"start":{"line":68,"column":8},"end":{"line":68,"column":27}}],"line":66},"3":{"loc":{"start":{"line":67,"column":8},"end":{"line":67,"column":45}},"type":"binary-expr","locations":[{"start":{"line":67,"column":8},"end":{"line":67,"column":22}},{"start":{"line":67,"column":26},"end":{"line":67,"column":45}}],"line":67},"4":{"loc":{"start":{"line":73,"column":11},"end":{"line":73,"column":47}},"type":"binary-expr","locations":[{"start":{"line":73,"column":11},"end":{"line":73,"column":26}},{"start":{"line":73,"column":30},"end":{"line":73,"column":47}}],"line":73}},"s":{"0":1,"1":4,"2":3,"3":9,"4":1,"5":3,"6":58,"7":371,"8":1,"9":6,"10":6,"11":6,"12":33,"13":33,"14":33,"15":33,"16":33,"17":33,"18":6,"19":1,"20":2,"21":2,"22":2,"23":2,"24":22},"f":{"0":4,"1":9,"2":3,"3":58,"4":371,"5":6,"6":33,"7":2,"8":22},"b":{"0":[371,58],"1":[4],"2":[32,1],"3":[32,30],"4":[33,27]},"_coverageSchema":"1a1c01bbd47fc00a2c39e90264f33305004495a9","hash":"46e0602a21337a7bae9e2ff8f00b96a4281803d4"}
}
