TN:
SF:src/api/schemas.ts
FNF:0
FNH:0
DA:3,1
DA:10,1
LF:2
LH:2
BRF:0
BRH:0
end_of_record
TN:
SF:src/utils/mockData.ts
FNF:0
FNH:0
DA:1,1
LF:1
LH:1
BRF:0
BRH:0
end_of_record
TN:
SF:src/utils/processBankHolidays.ts
FN:18,(anonymous_0)
FN:21,(anonymous_1)
FN:29,(anonymous_2)
FN:33,(anonymous_3)
FN:37,(anonymous_4)
FN:48,(anonymous_5)
FN:56,(anonymous_6)
FN:88,(anonymous_7)
FN:101,(anonymous_8)
FNF:9
FNH:9
FNDA:4,(anonymous_0)
FNDA:9,(anonymous_1)
FNDA:3,(anonymous_2)
FNDA:58,(anonymous_3)
FNDA:371,(anonymous_4)
FNDA:6,(anonymous_5)
FNDA:33,(anonymous_6)
FNDA:2,(anonymous_7)
FNDA:22,(anonymous_8)
DA:18,1
DA:19,4
DA:21,9
DA:29,1
DA:32,3
DA:36,58
DA:37,371
DA:48,1
DA:52,6
DA:54,6
DA:56,6
DA:57,33
DA:61,33
DA:63,33
DA:66,33
DA:70,33
DA:73,33
DA:76,6
DA:88,1
DA:89,2
DA:91,2
DA:93,2
DA:97,2
DA:101,22
LF:24
LH:24
BRDA:37,0,0,371
BRDA:37,0,1,58
BRDA:50,1,0,4
BRDA:66,2,0,32
BRDA:66,2,1,1
BRDA:67,3,0,32
BRDA:67,3,1,30
BRDA:73,4,0,33
BRDA:73,4,1,27
BRF:9
BRH:9
end_of_record
